c:\users\kim eung su\desktop\넷겜플최신\simplegame11.27\simplegame\x64\debug\simplegame.pch
c:\users\kim eung su\desktop\넷겜플최신\simplegame11.27\simplegame\x64\debug\vc141.pdb
c:\users\kim eung su\desktop\넷겜플최신\simplegame11.27\simplegame\x64\debug\vc141.idb
c:\users\kim eung su\desktop\넷겜플최신\simplegame11.27\simplegame\x64\debug\stdafx.obj
c:\users\kim eung su\desktop\넷겜플최신\simplegame11.27\simplegame\x64\debug\character.obj
c:\users\kim eung su\desktop\넷겜플최신\simplegame11.27\simplegame\x64\debug\food.obj
c:\users\kim eung su\desktop\넷겜플최신\simplegame11.27\simplegame\x64\debug\loadpng.obj
c:\users\kim eung su\desktop\넷겜플최신\simplegame11.27\simplegame\x64\debug\obstacle.obj
c:\users\kim eung su\desktop\넷겜플최신\simplegame11.27\simplegame\x64\debug\renderer.obj
c:\users\kim eung su\desktop\넷겜플최신\simplegame11.27\simplegame\x64\debug\simplegame.obj
c:\users\kim eung su\desktop\넷겜플최신\simplegame11.27\simplegame\x64\debug\objectmanager.obj
c:\users\kim eung su\desktop\넷겜플최신\simplegame11.27\x64\debug\simplegame.exe
c:\users\kim eung su\desktop\넷겜플최신\simplegame11.27\x64\debug\simplegame.ilk
c:\users\kim eung su\desktop\넷겜플최신\simplegame11.27\x64\debug\simplegame.pdb
c:\users\kim eung su\desktop\넷겜플최신\simplegame11.27\simplegame\x64\debug\simplegame.tlog\cl.command.1.tlog
c:\users\kim eung su\desktop\넷겜플최신\simplegame11.27\simplegame\x64\debug\simplegame.tlog\cl.read.1.tlog
c:\users\kim eung su\desktop\넷겜플최신\simplegame11.27\simplegame\x64\debug\simplegame.tlog\cl.write.1.tlog
c:\users\kim eung su\desktop\넷겜플최신\simplegame11.27\simplegame\x64\debug\simplegame.tlog\link.command.1.tlog
c:\users\kim eung su\desktop\넷겜플최신\simplegame11.27\simplegame\x64\debug\simplegame.tlog\link.read.1.tlog
c:\users\kim eung su\desktop\넷겜플최신\simplegame11.27\simplegame\x64\debug\simplegame.tlog\link.write.1.tlog
